<?xml version="1.0" encoding="UTF-8"?>
<testsuite xmlns:xsi="http://www.w3.org/2001/XMLSchema-instance" xsi:noNamespaceSchemaLocation="https://maven.apache.org/surefire/maven-surefire-plugin/xsd/surefire-test-report-3.0.xsd" version="3.0" name="humbug.model.animals.ButterflyTest" time="0.015" tests="28" errors="0" skipped="0" failures="0">
  <properties>
    <property name="java.specification.version" value="17"/>
    <property name="sun.cpu.isalist" value="amd64"/>
    <property name="sun.jnu.encoding" value="Cp1252"/>
    <property name="java.class.path" value="C:\Users\mad8\Documents\GitHub\humbug\target\test-classes;C:\Users\mad8\Documents\GitHub\humbug\target\classes;C:\Users\mad8\.m2\repository\org\junit\jupiter\junit-jupiter-api\5.3.1\junit-jupiter-api-5.3.1.jar;C:\Users\mad8\.m2\repository\org\apiguardian\apiguardian-api\1.0.0\apiguardian-api-1.0.0.jar;C:\Users\mad8\.m2\repository\org\opentest4j\opentest4j\1.1.1\opentest4j-1.1.1.jar;C:\Users\mad8\.m2\repository\org\junit\platform\junit-platform-commons\1.3.1\junit-platform-commons-1.3.1.jar;C:\Users\mad8\.m2\repository\org\junit\jupiter\junit-jupiter-params\5.3.1\junit-jupiter-params-5.3.1.jar;C:\Users\mad8\.m2\repository\org\junit\jupiter\junit-jupiter-engine\5.3.1\junit-jupiter-engine-5.3.1.jar;C:\Users\mad8\.m2\repository\org\junit\platform\junit-platform-engine\1.3.1\junit-platform-engine-1.3.1.jar;C:\Users\mad8\.m2\repository\com\fasterxml\jackson\core\jackson-databind\2.10.2\jackson-databind-2.10.2.jar;C:\Users\mad8\.m2\repository\com\fasterxml\jackson\core\jackson-annotations\2.10.2\jackson-annotations-2.10.2.jar;C:\Users\mad8\.m2\repository\com\fasterxml\jackson\core\jackson-core\2.10.2\jackson-core-2.10.2.jar;"/>
    <property name="java.vm.vendor" value="Oracle Corporation"/>
    <property name="sun.arch.data.model" value="64"/>
    <property name="user.variant" value=""/>
    <property name="java.vendor.url" value="https://java.oracle.com/"/>
    <property name="user.timezone" value="Europe/Brussels"/>
    <property name="user.country.format" value="BE"/>
    <property name="os.name" value="Windows 10"/>
    <property name="java.vm.specification.version" value="17"/>
    <property name="user.country" value="US"/>
    <property name="sun.java.launcher" value="SUN_STANDARD"/>
    <property name="sun.boot.library.path" value="C:\Program Files\Java\jdk-17.0.1\bin"/>
    <property name="sun.java.command" value="C:\Users\mad8\AppData\Local\Temp\surefire9520910512335513380\surefirebooter14947632235238693989.jar C:\Users\mad8\AppData\Local\Temp\surefire9520910512335513380 2022-01-27T18-13-12_381-jvmRun1 surefire8476212947831452053tmp surefire_012840325636595498636tmp"/>
    <property name="jdk.debug" value="release"/>
    <property name="surefire.test.class.path" value="C:\Users\mad8\Documents\GitHub\humbug\target\test-classes;C:\Users\mad8\Documents\GitHub\humbug\target\classes;C:\Users\mad8\.m2\repository\org\junit\jupiter\junit-jupiter-api\5.3.1\junit-jupiter-api-5.3.1.jar;C:\Users\mad8\.m2\repository\org\apiguardian\apiguardian-api\1.0.0\apiguardian-api-1.0.0.jar;C:\Users\mad8\.m2\repository\org\opentest4j\opentest4j\1.1.1\opentest4j-1.1.1.jar;C:\Users\mad8\.m2\repository\org\junit\platform\junit-platform-commons\1.3.1\junit-platform-commons-1.3.1.jar;C:\Users\mad8\.m2\repository\org\junit\jupiter\junit-jupiter-params\5.3.1\junit-jupiter-params-5.3.1.jar;C:\Users\mad8\.m2\repository\org\junit\jupiter\junit-jupiter-engine\5.3.1\junit-jupiter-engine-5.3.1.jar;C:\Users\mad8\.m2\repository\org\junit\platform\junit-platform-engine\1.3.1\junit-platform-engine-1.3.1.jar;C:\Users\mad8\.m2\repository\com\fasterxml\jackson\core\jackson-databind\2.10.2\jackson-databind-2.10.2.jar;C:\Users\mad8\.m2\repository\com\fasterxml\jackson\core\jackson-annotations\2.10.2\jackson-annotations-2.10.2.jar;C:\Users\mad8\.m2\repository\com\fasterxml\jackson\core\jackson-core\2.10.2\jackson-core-2.10.2.jar;"/>
    <property name="sun.cpu.endian" value="little"/>
    <property name="user.home" value="C:\Users\mad8"/>
    <property name="user.language" value="en"/>
    <property name="java.specification.vendor" value="Oracle Corporation"/>
    <property name="java.version.date" value="2021-10-19"/>
    <property name="java.home" value="C:\Program Files\Java\jdk-17.0.1"/>
    <property name="file.separator" value="\"/>
    <property name="basedir" value="C:\Users\mad8\Documents\GitHub\humbug"/>
    <property name="java.vm.compressedOopsMode" value="Zero based"/>
    <property name="line.separator" value="&#10;"/>
    <property name="java.vm.specification.vendor" value="Oracle Corporation"/>
    <property name="java.specification.name" value="Java Platform API Specification"/>
    <property name="surefire.real.class.path" value="C:\Users\mad8\AppData\Local\Temp\surefire9520910512335513380\surefirebooter14947632235238693989.jar"/>
    <property name="user.script" value=""/>
    <property name="sun.management.compiler" value="HotSpot 64-Bit Tiered Compilers"/>
    <property name="java.runtime.version" value="17.0.1+12-LTS-39"/>
    <property name="user.name" value="mad8"/>
    <property name="path.separator" value=";"/>
    <property name="os.version" value="10.0"/>
    <property name="java.runtime.name" value="Java(TM) SE Runtime Environment"/>
    <property name="file.encoding" value="UTF-8"/>
    <property name="java.vm.name" value="Java HotSpot(TM) 64-Bit Server VM"/>
    <property name="maven.ext.class.path" value="C:\Program Files\NetBeans-12.5\netbeans\java\maven-nblib\netbeans-eventspy.jar"/>
    <property name="localRepository" value="C:\Users\mad8\.m2\repository"/>
    <property name="java.vendor.url.bug" value="https://bugreport.java.com/bugreport/"/>
    <property name="java.io.tmpdir" value="C:\Users\mad8\AppData\Local\Temp\"/>
    <property name="java.version" value="17.0.1"/>
    <property name="user.dir" value="C:\Users\mad8\Documents\GitHub\humbug"/>
    <property name="os.arch" value="amd64"/>
    <property name="java.vm.specification.name" value="Java Virtual Machine Specification"/>
    <property name="sun.os.patch.level" value=""/>
    <property name="native.encoding" value="Cp1252"/>
    <property name="java.library.path" value="C:\Program Files\Java\jdk-17.0.1\bin;C:\Windows\Sun\Java\bin;C:\Windows\system32;C:\Windows;C:\Program Files\Oculus\Support\oculus-runtime;C:\Program Files\Common Files\Oracle\Java\javapath;C:\Program Files (x86)\VMware\VMware Player\bin\;C:\Windows\system32;C:\Windows;C:\Windows\System32\Wbem;C:\Windows\System32\WindowsPowerShell\v1.0\;C:\Windows\System32\OpenSSH\;C:\Program Files\dotnet\;C:\Users\mad8\AppData\Local\Microsoft\WindowsApps;C:\Users\mad8\AppData\Local\GitHubDesktop\bin;C:\Program Files\JetBrains\CLion 2021.2.3\bin;C:\Program Files\JetBrains\IntelliJ IDEA 2021.2.3\bin;C:\Users\mad8\AppData\Local\Programs\Microsoft VS Code\bin;C:\adb;C:\Android;C:\Program Files\Git\cmd;C:\Program Files (x86)\NVIDIA Corporation\PhysX\Common;C:\Program Files\NVIDIA Corporation\NVIDIA NvDLISR;C;C:\Users\mad8\AppData\Local\Microsoft\WindowsApps;C:\Users\mad8\AppData\Local\GitHubDesktop\bin;C:\Program Files\JetBrains\CLion 2021.2.3\bin;;C:\Program Files\JetBrains\IntelliJ IDEA 2021.2.3\bin;;C:\Users\mad8\AppData\Local\Programs\Microsoft VS Code\bin;."/>
    <property name="java.vm.info" value="mixed mode, sharing"/>
    <property name="java.vendor" value="Oracle Corporation"/>
    <property name="java.vm.version" value="17.0.1+12-LTS-39"/>
    <property name="sun.io.unicode.encoding" value="UnicodeLittle"/>
    <property name="java.class.version" value="61.0"/>
  </properties>
  <testcase name="testMoveWest_AnimalOnFinalPosition_noFall" classname="humbug.model.animals.ButterflyTest" time="0.001"/>
  <testcase name="testMove_passOnUnusedStar" classname="humbug.model.animals.ButterflyTest" time="0"/>
  <testcase name="testMoveEast_AnimalOnFinalPosition_noFall" classname="humbug.model.animals.ButterflyTest" time="0.001"/>
  <testcase name="testMoveNorth_animalOnFinalPosition_Fall" classname="humbug.model.animals.ButterflyTest" time="0"/>
  <testcase name="testMoveWest_animalOnFinalPosition_Fall" classname="humbug.model.animals.ButterflyTest" time="0.001"/>
  <testcase name="testMoveWest_AnimalOnFinalPositionWithWallOnWestSide_noFall" classname="humbug.model.animals.ButterflyTest" time="0"/>
  <testcase name="testMoveNorth_AnimalOnFinalPosition_noFall" classname="humbug.model.animals.ButterflyTest" time="0"/>
  <testcase name="testMoveSouth_AnimalOnFinalPositionWithWallOnSouthSide_noFall" classname="humbug.model.animals.ButterflyTest" time="0"/>
  <testcase name="testMoveSouthWithWallOnSquare_noAnimalOnFinalPosition_noFall" classname="humbug.model.animals.ButterflyTest" time="0.001"/>
  <testcase name="testMove_twoAnimalsOnTheWay_oneMoreOnFinalPositionButOnStar_additionnalWallsInTheWay" classname="humbug.model.animals.ButterflyTest" time="0"/>
  <testcase name="testMoveEast_noAnimalOnFinalPosition_noFall" classname="humbug.model.animals.ButterflyTest" time="0"/>
  <testcase name="testMoveSouth_noAnimalOnFinalPosition_Fall" classname="humbug.model.animals.ButterflyTest" time="0"/>
  <testcase name="testMoveWestWithWallOnSquare_noAnimalOnFinalPosition_noFall" classname="humbug.model.animals.ButterflyTest" time="0"/>
  <testcase name="testMoveWest_noAnimalOnFinalPosition_noFall" classname="humbug.model.animals.ButterflyTest" time="0.001"/>
  <testcase name="testMoveNorthWithWallOnSquare_noAnimalOnFinalPosition_noFall" classname="humbug.model.animals.ButterflyTest" time="0"/>
  <testcase name="testMoveSouth_noAnimalOnFinalPosition_noFall" classname="humbug.model.animals.ButterflyTest" time="0.001"/>
  <testcase name="testMoveNorth_noAnimalOnFinalPosition_noFall" classname="humbug.model.animals.ButterflyTest" time="0"/>
  <testcase name="testMove_nextOnStar" classname="humbug.model.animals.ButterflyTest" time="0"/>
  <testcase name="testMoveWest_noAnimalOnFinalPosition_Fall" classname="humbug.model.animals.ButterflyTest" time="0"/>
  <testcase name="testMoveNorth_AnimalOnFinalPositionWithWallOnNorthSide_noFall" classname="humbug.model.animals.ButterflyTest" time="0"/>
  <testcase name="testMoveEast_noAnimalOnFinalPosition_Fall" classname="humbug.model.animals.ButterflyTest" time="0"/>
  <testcase name="testMoveEast_animalOnFinalPosition_Fall" classname="humbug.model.animals.ButterflyTest" time="0"/>
  <testcase name="testMoveNorth_noAnimalOnFinalPosition_Fall" classname="humbug.model.animals.ButterflyTest" time="0"/>
  <testcase name="testMoveEast_AnimalOnFinalPositionWithWallOnEastSide_noFall" classname="humbug.model.animals.ButterflyTest" time="0"/>
  <testcase name="testMoveSouth_animalOnFinalPosition_Fall" classname="humbug.model.animals.ButterflyTest" time="0.001"/>
  <testcase name="testMoveSouth_AnimalOnFinalPosition_noFall" classname="humbug.model.animals.ButterflyTest" time="0"/>
  <testcase name="testMoveEastWithWallOnSquare_noAnimalOnFinalPosition_noFall" classname="humbug.model.animals.ButterflyTest" time="0"/>
  <testcase name="testMove_passOnUsedStar" classname="humbug.model.animals.ButterflyTest" time="0.001"/>
</testsuite>